<testsuites id="" name="" tests="1" failures="1" skipped="0" errors="0" time="205.535">
<testsuite name="PW-2338-SR-edit-guest-details-pay-using-cash-then-checkin.spec.ts" timestamp="1678781483760" hostname="" tests="1" failures="1" skipped="0" time="204.467" errors="0">
<testcase name="Edit guest details and pay cash then checkin single reservation" classname="[chromium] › PW-2338-SR-edit-guest-details-pay-using-cash-then-checkin.spec.ts:10:1 › Edit guest details and pay cash then checkin single reservation" time="204.467">
<failure message="PW-2338-SR-edit-guest-details-pay-using-cash-then-checkin.spec.ts:10:1 Edit guest details and pay cash then checkin single reservation" type="FAILURE">
<![CDATA[  [chromium] › PW-2338-SR-edit-guest-details-pay-using-cash-then-checkin.spec.ts:10:1 › Edit guest details and pay cash then checkin single reservation 

    Error: Error: CreateBooking failed...
    Exception Message: Step failure at: 2 - CreateReservation - guestId is required.
    System.Exception: guestId is required.
       at PMS.RMS.Connection.RmsClientWrapper.SendRequest[T](HttpRequestMessage request, ILogger logger) in D:\a\1\s\PMS.RMS\Connection\RmsClientWrapper.cs:line 66
       at PMS.RMS.Services.ReservationService.CreateReservation(Reservation resRequest, Boolean isQuoteBooking) in D:\a\1\s\PMS.RMS\Services\ReservationService.cs:line 176
       at PMS.Common.Helpers.LogHelper.LogFunction[K,T](String name, K request, Func`1 func, Nullable`1 OrchestrationId) in D:\a\1\s\PMS.Common\Helpers\LogHelper.cs:line 46
       at PMS.Integration.Proxy_Layer.RMSProxy.CreateReservation(PMSBookingCreateRequest request, Reservation savedReservation, Guest savedGuest, List`1 savedSteps) in D:\a\1\s\PMS.Integration\Proxy Layer\RMSProxy.cs:line 652

      25 |     //#region Start test
      26 |     //Create a reservation for non-member.
    > 27 |     var reservationNumber = await apiHelper.CreateReservation("Edit details");
         |                             ^
      28 |
      29 |     // Navigate to Parkhub login page.
      30 |     await login.Open();

        at APIHelper.CreateReservation (C:\BOLT_V2\ParkWebTests\playwright\models\APIHelper.ts:956:27)
        at C:\BOLT_V2\ParkWebTests\playwright\tests-RC2\PW-2338-SR-edit-guest-details-pay-using-cash-then-checkin.spec.ts:27:29
        at C:\BOLT_V2\ParkWebTests\playwright\node_modules\@playwright\test\lib\workerRunner.js:388:9
        at TestInfoImpl._runFn (C:\BOLT_V2\ParkWebTests\playwright\node_modules\@playwright\test\lib\testInfo.js:166:7)
        at C:\BOLT_V2\ParkWebTests\playwright\node_modules\@playwright\test\lib\workerRunner.js:344:26
        at TimeoutRunner.run (C:\BOLT_V2\ParkWebTests\playwright\node_modules\@playwright\test\node_modules\playwright-core\lib\utils\timeoutRunner.js:53:14)
        at TimeoutManager.runWithTimeout (C:\BOLT_V2\ParkWebTests\playwright\node_modules\@playwright\test\lib\timeoutManager.js:70:7)
        at TestInfoImpl._runWithTimeout (C:\BOLT_V2\ParkWebTests\playwright\node_modules\@playwright\test\lib\testInfo.js:154:26)
        at WorkerRunner._runTest (C:\BOLT_V2\ParkWebTests\playwright\node_modules\@playwright\test\lib\workerRunner.js:326:5)
        at WorkerRunner.runTestGroup (C:\BOLT_V2\ParkWebTests\playwright\node_modules\@playwright\test\lib\workerRunner.js:195:11)
        at process.<anonymous> (C:\BOLT_V2\ParkWebTests\playwright\node_modules\@playwright\test\lib\worker.js:87:5)
        at APIHelper.CreateReservation (C:\BOLT_V2\ParkWebTests\playwright\models\APIHelper.ts:969:23)
        at C:\BOLT_V2\ParkWebTests\playwright\tests-RC2\PW-2338-SR-edit-guest-details-pay-using-cash-then-checkin.spec.ts:27:29
]]>
</failure>
<system-out>
<![CDATA[{
  bookingNumber: '0115935',
  externalTransactionId: 'ee8d0b84-d005-46f1-9018-353b90288785',
  'TransactionResult.InformationMessage': 'CreateBooking failed...',
  'TransactionResult.ExceptionMessage': 'Step failure at: 2 - CreateReservation - guestId is required.\r\n' +
    'System.Exception: guestId is required.\r\n' +
    '   at PMS.RMS.Connection.RmsClientWrapper.SendRequest[T](HttpRequestMessage request, ILogger logger) in D:\\a\\1\\s\\PMS.RMS\\Connection\\RmsClientWrapper.cs:line 66\r\n' +
    '   at PMS.RMS.Services.ReservationService.CreateReservation(Reservation resRequest, Boolean isQuoteBooking) in D:\\a\\1\\s\\PMS.RMS\\Services\\ReservationService.cs:line 176\r\n' +
    '   at PMS.Common.Helpers.LogHelper.LogFunction[K,T](String name, K request, Func`1 func, Nullable`1 OrchestrationId) in D:\\a\\1\\s\\PMS.Common\\Helpers\\LogHelper.cs:line 46\r\n' +
    '   at PMS.Integration.Proxy_Layer.RMSProxy.CreateReservation(PMSBookingCreateRequest request, Reservation savedReservation, Guest savedGuest, List`1 savedSteps) in D:\\a\\1\\s\\PMS.Integration\\Proxy Layer\\RMSProxy.cs:line 652',
  'TransactionResult.StatusIsOK': false,
  'TransactionResult.OutputDictionary': {}
}
File moved to failed directory.
]]>
</system-out>
</testcase>
</testsuite>
</testsuites>