<testsuites id="" name="" tests="1" failures="0" skipped="0" errors="0" time="163.997">
<testsuite name="PW-2338-SR-edit-guest-details-pay-using-cash-then-checkin.spec.ts" timestamp="1680530792077" hostname="" tests="1" failures="0" skipped="0" time="162.291" errors="0">
<testcase name="Edit guest details and pay cash then checkin single reservation" classname="[chromium] › PW-2338-SR-edit-guest-details-pay-using-cash-then-checkin.spec.ts:13:1 › Edit guest details and pay cash then checkin single reservation" time="162.291">
<system-out>
<![CDATA[{
  bookingCreated: true,
  statusMessageText: null,
  referenceNumber: '350996',
  accountId: 503502,
  guestId: 0,
  allocatedRoom: 'QAIR-201 Double'
}
Reservation Number: 350996
Email field was clicked.
Password field was clicked.
Login Button was found.
Login button was clicked.
10 Arrival Results Table was found.
Find a booking textbox was clicked.
1 Table was found.
Reservation Number was found.
Reservation number value: 350996
1 List of Arrivals was found.
Customer Firstname was found.
Customer Lastname was found.
Reservation Number was found.
Deposit was found.
Balance was found.
Guest Type was found.
Guest Count was found.
Seach tab number of nights was found.
Accommodation was found.
Seach tab reservation confirmation was found.
Customer Firstname value: RCATSNewYZWgY798
Customer Lastname value: RCATSNewTestmmgRb347
Reservation Number value: 350996
Deposit value: $0.00 / $140.00
Balance value: $140.00
Guest Type value: 
Guest Count value: 2 Adults, 1 Child, 0 infant
Search tab number of nights value: 1
Accommodation value: QAIR-Standard Studio Ensuite
QAIR-201 Double
Search tab reservation confirmation value: UNCONFIRMED
Room Status was found.
Room Status value: VACANT CLEAN
350996 details was displayed.
Check in date: 2023-04-03
Check out date: 2023-04-04
Arrow button was found.
Arrow button was clicked.
Reservation Number value: 350996
Firstname was found.
Lastname was found.
Email was found.
Mobile Number was found.
Address was found.
Element Attribute: RCATSNewYZWgY798
Element Attribute: RCATSNewTestmmgRb347
Element Attribute: RCATSNewYZWgY798wfv2@gmail.com
Element Attribute: 0412345678
Element Attribute: 60 square road, Adelaide, SA, AUS
Room Name value: QAIR-201 Double - QAIR-Standard Studio Ensuite
Nights value: 1 Night
Reservation Dates value: 03 Apr - 04 Apr
Guests Count value: 3 Guests
Guests value: 2 Adults, 1 Child
Total Stay Cost value: $140.00
Total Balance value: $ 140.00
Firstname was clicked.
Lastname was clicked.
Email was clicked.
Phone Number was clicked.
Address was clicked.
Save Chanages CTA was clicked.
Toast Message value: Update Successful
Update Successful!
Firstname was found.
Lastname was found.
Email was found.
Mobile Number was found.
Address was found.
Element Attribute: RC2AutmWE
Element Attribute: RC2AutmWE
Element Attribute: RC2AuthRQc3@gmail.com
Element Attribute: +61412961818
Element Attribute: 17 Lightfoot Street, Cessnock, NSW, AUS
Make Payment Button was clicked.
1 Number of Items in Summary was found.
Accommodation Name was found.
Contact Name was found.
Assigned Room was found.
Guest Quote Price was found.
Accommodation Name value: QAIR-Standard Studio Ensuite
Contact Name value: RCATSNewYZWgY798
Assigned Room value: QAIR-201 Double
Guest Quote Price value: $140.00
1 Number of Items in Summary was found.
Accommodation Name was found.
Contact Name was found.
Assigned Room was found.
Guest Quote Price was found.
Accommodation Name value: QAIR-Standard Studio Ensuite
Contact Name value: RCATSNewYZWgY798
Assigned Room value: QAIR-201 Double
Guest Quote Price value: $140.00
Selected payment method: cash
Selected percentage: 100%
Membership Fee: 0.00
Cash Radio button was clicked.
4 cash Percentage was found.
cash Percentage value: 25%
cash Percentage value: 50%
cash Percentage value: 75%
cash Percentage value: 100%
100% was clicked.
4 cash Percentage was found.
Element Attribute: payment-percent-selector active
Cash Amount Payable value: 140.00
Cash Balance Remaining value: $0.00
Balance Due value: 140.00
Process Payment button was found.
Element Attribute: process-payment
Process Payment button was clicked.
Toast Message value: Payment made successfully! Your payment of $140.00 has been successfully processed.
Payment made successfully! Your payment of $140.00 has been successfully processed.
2 Number of payments made was found.
Payment Date was found.
Payment Type was found.
Payment Date value: Payment 03/04/2023
Payment Type value: Cash
Payment Amount was found.
Payment Amount value: $140.00
Make Payment was found.
Element Attribute: disabled
Make payment button is disabled
Manage Booking Check In Button was clicked.
Firstname value: RC2AUTMWE
Lastname value: RC2AUTMWE
Reservation Number value: 350996
Room Name value: QAIR-Standard Studio Ensuite
Room Id value: QAIR-201 Double
Reservation Dates value: 03 Apr - 04 Apr
Night count value: 1 nights
Guests value: 3 Guests
Adults, Child & Infant value: 2 Adults, 1 Child & 0 Infant
1 Number of payments made was found.
Payment Type and Date was found.
Payment Amount was found.
Payment Date value: CASH 03/04/23
Payment Amount value: + $140.00
Complete Check In was found.
Covid Declaration was found.
Terms and Condition was found.
Complete Check In was found.
Covid Declaration was found.
Terms and Condition was found.
Covid Declaration was clicked.
Terms and Condition was clicked.
Complete Check In was clicked.
Check In Name value: RC2AutmWE RC2AutmWE
RC2AutmWE RC2AutmWE is now checked in
Booking Dashboard was clicked.
10 Arrival Results Table was found.
In House Dashboard was clicked.
6 In House Results Table was found.
Find a booking textbox was clicked.
1 Table was found.
Reservation Number was found.
Reservation number value: 350996
1 List of In House Dashboard was found.
Reservation Number was found.
Reservation Number value: 350996
]]>
</system-out>
</testcase>
</testsuite>
</testsuites>