<testsuites id="" name="" tests="1" failures="0" skipped="1" errors="0" time="7999.324">
<testsuite name="PW-2342-SR-checkin-fully-paid-reservation-with-room-clean.spec.ts" timestamp="1680868847291" hostname="" tests="1" failures="0" skipped="1" time="0" errors="0">
<testcase name="Select fully paid and clean reservation then checkin" classname="[chromium] › PW-2342-SR-checkin-fully-paid-reservation-with-room-clean.spec.ts:9:1 › Select fully paid and clean reservation then checkin" time="0">
<skipped>
</skipped>
</testcase>
</testsuite>
</testsuites>